TN:
SF:app/resolver.js
FNF:0
FNH:0
LF:0
LH:0
BRF:0
BRH:0
end_of_record
TN:
SF:app/app.js
FNF:0
FNH:0
DA:6,1
DA:8,1
DA:10,1
DA:16,1
LF:4
LH:4
BRF:0
BRH:0
end_of_record
TN:
SF:app/instance-initializers/global.js
FN:1,initialize
FNF:1
FNH:1
FNDA:7,initialize
DA:1,1
DA:2,7
DA:3,7
LF:3
LH:3
BRF:0
BRH:0
end_of_record
TN:
SF:app/router.js
FN:8,(anonymous_1)
FN:11,(anonymous_2)
FN:12,(anonymous_3)
FN:13,(anonymous_4)
FN:14,(anonymous_5)
FNF:5
FNH:5
FNDA:7,(anonymous_1)
FNDA:7,(anonymous_2)
FNDA:7,(anonymous_3)
FNDA:7,(anonymous_4)
FNDA:7,(anonymous_5)
DA:4,1
DA:8,1
DA:9,7
DA:10,7
DA:11,7
DA:12,7
DA:13,7
DA:14,7
DA:15,7
DA:17,7
DA:19,7
DA:22,7
DA:23,7
LF:13
LH:13
BRF:0
BRH:0
end_of_record
TN:
SF:app/routes/login.js
FNF:0
FNH:0
LF:0
LH:0
BRF:0
BRH:0
end_of_record
TN:
SF:app/controllers/application.js
FN:6,(anonymous_1)
FNF:1
FNH:0
FNDA:0,(anonymous_1)
DA:7,0
DA:8,0
LF:2
LH:0
BRF:0
BRH:0
end_of_record
TN:
SF:app/controllers/login.js
FN:8,(anonymous_1)
FNF:1
FNH:1
FNDA:2,(anonymous_1)
DA:9,2
DA:10,2
DA:13,2
DA:14,2
DA:15,0
DA:16,0
DA:19,0
DA:20,0
DA:21,0
LF:9
LH:4
BRF:0
BRH:0
end_of_record
TN:
SF:app/services/session.js
FNF:0
FNH:0
LF:0
LH:0
BRF:0
BRH:0
end_of_record
TN:
SF:app/templates/application.hbs
FN:1,(anonymous_1)
FN:2,(anonymous_2)
FN:29,buildFragment
FN:39,buildRenderNodes
FN:51,(anonymous_5)
FN:73,buildFragment
FN:87,buildRenderNodes
FN:122,buildFragment
FN:156,buildRenderNodes
FNF:9
FNH:9
FNDA:1,(anonymous_1)
FNDA:1,(anonymous_2)
FNDA:2,buildFragment
FNDA:14,buildRenderNodes
FNDA:1,(anonymous_5)
FNDA:2,buildFragment
FNDA:7,buildRenderNodes
FNDA:2,buildFragment
FNDA:7,buildRenderNodes
DA:2,1
DA:3,1
DA:30,2
DA:31,2
DA:32,2
DA:33,2
DA:34,2
DA:35,2
DA:36,2
DA:37,2
DA:40,14
DA:41,14
DA:42,14
DA:51,1
DA:52,1
DA:74,2
DA:75,2
DA:76,2
DA:77,2
DA:78,2
DA:79,2
DA:80,2
DA:81,2
DA:82,2
DA:83,2
DA:84,2
DA:85,2
DA:87,7
DA:95,1
DA:123,2
DA:124,2
DA:125,2
DA:126,2
DA:127,2
DA:128,2
DA:129,2
DA:130,2
DA:131,2
DA:132,2
DA:133,2
DA:134,2
DA:135,2
DA:136,2
DA:137,2
DA:138,2
DA:139,2
DA:140,2
DA:141,2
DA:142,2
DA:143,2
DA:144,2
DA:145,2
DA:146,2
DA:147,2
DA:148,2
DA:149,2
DA:150,2
DA:151,2
DA:152,2
DA:153,2
DA:154,2
DA:157,7
DA:158,7
DA:159,7
DA:160,7
DA:161,7
DA:162,7
DA:163,7
DA:164,7
LF:69
LH:69
BRF:0
BRH:0
end_of_record
TN:
SF:app/templates/login.hbs
FN:1,(anonymous_1)
FN:2,(anonymous_2)
FN:3,(anonymous_3)
FN:4,(anonymous_4)
FN:26,buildFragment
FN:36,buildRenderNodes
FN:69,buildFragment
FN:75,buildRenderNodes
FN:89,(anonymous_9)
FN:111,buildFragment
FN:121,buildRenderNodes
FN:133,(anonymous_12)
FN:134,(anonymous_13)
FN:156,buildFragment
FN:162,buildRenderNodes
FN:191,buildFragment
FN:220,buildRenderNodes
FN:260,buildFragment
FN:276,buildRenderNodes
FN:314,buildFragment
FN:335,buildRenderNodes
FNF:21
FNH:17
FNDA:1,(anonymous_1)
FNDA:1,(anonymous_2)
FNDA:1,(anonymous_3)
FNDA:1,(anonymous_4)
FNDA:0,buildFragment
FNDA:0,buildRenderNodes
FNDA:0,buildFragment
FNDA:0,buildRenderNodes
FNDA:1,(anonymous_9)
FNDA:2,buildFragment
FNDA:2,buildRenderNodes
FNDA:1,(anonymous_12)
FNDA:1,(anonymous_13)
FNDA:2,buildFragment
FNDA:5,buildRenderNodes
FNDA:2,buildFragment
FNDA:5,buildRenderNodes
FNDA:2,buildFragment
FNDA:5,buildRenderNodes
FNDA:2,buildFragment
FNDA:5,buildRenderNodes
DA:2,1
DA:3,1
DA:4,1
DA:5,1
DA:27,0
DA:28,0
DA:29,0
DA:30,0
DA:31,0
DA:32,0
DA:33,0
DA:34,0
DA:37,0
DA:38,0
DA:39,0
DA:48,1
DA:70,0
DA:71,0
DA:72,0
DA:73,0
DA:76,0
DA:77,0
DA:78,0
DA:79,0
DA:80,0
DA:89,1
DA:90,1
DA:112,2
DA:113,2
DA:114,2
DA:115,2
DA:116,2
DA:117,2
DA:118,2
DA:119,2
DA:122,2
DA:123,2
DA:124,2
DA:133,1
DA:134,1
DA:135,1
DA:157,2
DA:158,2
DA:159,2
DA:160,2
DA:162,5
DA:170,1
DA:192,2
DA:193,2
DA:194,2
DA:195,2
DA:196,2
DA:197,2
DA:198,2
DA:199,2
DA:200,2
DA:201,2
DA:202,2
DA:203,2
DA:204,2
DA:205,2
DA:206,2
DA:207,2
DA:208,2
DA:209,2
DA:210,2
DA:211,2
DA:212,2
DA:213,2
DA:214,2
DA:215,2
DA:216,2
DA:217,2
DA:218,2
DA:221,5
DA:222,5
DA:223,5
DA:224,5
DA:225,5
DA:226,5
DA:227,5
DA:239,1
DA:261,2
DA:262,2
DA:263,2
DA:264,2
DA:265,2
DA:266,2
DA:267,2
DA:268,2
DA:269,2
DA:270,2
DA:271,2
DA:272,2
DA:273,2
DA:274,2
DA:277,5
DA:278,5
DA:279,5
DA:280,5
DA:281,5
DA:291,1
DA:315,2
DA:316,2
DA:317,2
DA:318,2
DA:319,2
DA:320,2
DA:321,2
DA:322,2
DA:323,2
DA:324,2
DA:325,2
DA:326,2
DA:327,2
DA:328,2
DA:329,2
DA:330,2
DA:331,2
DA:332,2
DA:333,2
DA:336,5
DA:337,5
DA:338,5
LF:124
LH:104
BRF:0
BRH:0
end_of_record
TN:
SF:app/components/session-component.js
FN:6,(anonymous_1)
FNF:1
FNH:0
FNDA:0,(anonymous_1)
DA:7,0
LF:1
LH:0
BRF:0
BRH:0
end_of_record
TN:
SF:app/templates/components/session-component.hbs
FN:1,(anonymous_1)
FN:2,(anonymous_2)
FN:3,(anonymous_3)
FN:25,buildFragment
FN:31,buildRenderNodes
FN:45,(anonymous_6)
FN:67,buildFragment
FN:73,buildRenderNodes
FN:108,buildFragment
FN:128,buildRenderNodes
FN:145,(anonymous_11)
FN:146,(anonymous_12)
FN:168,buildFragment
FN:174,buildRenderNodes
FN:182,(anonymous_15)
FN:204,buildFragment
FN:210,buildRenderNodes
FN:239,buildFragment
FN:253,buildRenderNodes
FN:293,buildFragment
FN:299,buildRenderNodes
FNF:21
FNH:21
FNDA:1,(anonymous_1)
FNDA:1,(anonymous_2)
FNDA:1,(anonymous_3)
FNDA:2,buildFragment
FNDA:4,buildRenderNodes
FNDA:1,(anonymous_6)
FNDA:2,buildFragment
FNDA:4,buildRenderNodes
FNDA:2,buildFragment
FNDA:4,buildRenderNodes
FNDA:1,(anonymous_11)
FNDA:1,(anonymous_12)
FNDA:2,buildFragment
FNDA:15,buildRenderNodes
FNDA:1,(anonymous_15)
FNDA:2,buildFragment
FNDA:15,buildRenderNodes
FNDA:2,buildFragment
FNDA:15,buildRenderNodes
FNDA:2,buildFragment
FNDA:15,buildRenderNodes
DA:2,1
DA:3,1
DA:4,1
DA:26,2
DA:27,2
DA:28,2
DA:29,2
DA:32,4
DA:33,4
DA:34,4
DA:35,4
DA:36,4
DA:45,1
DA:46,1
DA:68,2
DA:69,2
DA:70,2
DA:71,2
DA:73,4
DA:81,1
DA:109,2
DA:110,2
DA:111,2
DA:112,2
DA:113,2
DA:114,2
DA:115,2
DA:116,2
DA:117,2
DA:118,2
DA:119,2
DA:120,2
DA:121,2
DA:122,2
DA:123,2
DA:124,2
DA:125,2
DA:126,2
DA:129,4
DA:130,4
DA:131,4
DA:132,4
DA:133,4
DA:134,4
DA:145,1
DA:146,1
DA:147,1
DA:169,2
DA:170,2
DA:171,2
DA:172,2
DA:174,15
DA:182,1
DA:183,1
DA:205,2
DA:206,2
DA:207,2
DA:208,2
DA:210,15
DA:218,1
DA:240,2
DA:241,2
DA:242,2
DA:243,2
DA:244,2
DA:245,2
DA:246,2
DA:247,2
DA:248,2
DA:249,2
DA:250,2
DA:251,2
DA:254,15
DA:255,15
DA:256,15
DA:257,15
DA:267,1
DA:294,2
DA:295,2
DA:296,2
DA:297,2
DA:300,15
DA:301,15
DA:302,15
DA:303,15
DA:304,15
LF:86
LH:86
BRF:0
BRH:0
end_of_record
TN:
SF:app/routes/signup.js
FN:4,(anonymous_1)
FNF:1
FNH:1
FNDA:2,(anonymous_1)
DA:5,2
LF:1
LH:1
BRF:0
BRH:0
end_of_record
TN:
SF:app/controllers/signup.js
FN:7,(anonymous_1)
FNF:1
FNH:1
FNDA:1,(anonymous_1)
DA:8,1
DA:9,1
DA:10,1
DA:11,0
DA:12,0
DA:13,0
DA:15,1
DA:16,1
DA:17,1
LF:9
LH:6
BRF:0
BRH:0
end_of_record
TN:
SF:app/routes/password-reset.js
FNF:0
FNH:0
LF:0
LH:0
BRF:0
BRH:0
end_of_record
TN:
SF:app/controllers/password_reset.js
FN:7,(anonymous_1)
FNF:1
FNH:0
FNDA:0,(anonymous_1)
DA:8,0
DA:9,0
DA:18,0
DA:19,0
DA:20,0
DA:22,0
DA:23,0
DA:24,0
LF:8
LH:0
BRF:0
BRH:0
end_of_record
TN:
SF:app/components/carousel-album.js
FN:12,(anonymous_1)
FN:21,(anonymous_2)
FN:31,(anonymous_3)
FN:43,(anonymous_4)
FN:47,(anonymous_5)
FN:54,(anonymous_6)
FN:73,(anonymous_7)
FNF:7
FNH:4
FNDA:9,(anonymous_1)
FNDA:9,(anonymous_2)
FNDA:9,(anonymous_3)
FNDA:0,(anonymous_4)
FNDA:0,(anonymous_5)
FNDA:45,(anonymous_6)
FNDA:0,(anonymous_7)
DA:13,9
DA:14,9
DA:15,45
DA:16,45
DA:17,45
DA:19,9
DA:22,9
DA:24,9
DA:25,9
DA:26,36
DA:27,36
DA:29,9
DA:32,9
DA:35,9
DA:36,9
DA:37,9
DA:38,9
DA:40,9
DA:41,9
DA:42,9
DA:43,9
DA:44,0
DA:48,0
DA:49,0
DA:51,0
DA:55,45
DA:56,0
DA:58,45
DA:59,0
DA:61,45
DA:64,45
DA:65,9
DA:67,36
DA:69,45
DA:70,45
DA:71,45
DA:74,0
DA:75,0
DA:76,0
DA:77,0
DA:78,0
DA:79,0
DA:80,0
DA:81,0
DA:82,0
DA:84,0
DA:85,0
DA:86,0
LF:48
LH:30
BRDA:48,1,0,0
BRDA:48,1,1,0
BRDA:55,2,0,0
BRDA:55,2,1,45
BRDA:55,3,0,45
BRDA:55,3,1,0
BRDA:58,4,0,0
BRDA:58,4,1,45
BRDA:58,5,0,45
BRDA:58,5,1,0
BRDA:64,6,0,9
BRDA:64,6,1,36
BRDA:80,7,0,0
BRDA:80,7,1,0
BRDA:85,8,0,0
BRDA:85,8,1,0
BRF:16
BRH:6
end_of_record
TN:
SF:app/templates/components/carousel-album.hbs
FN:1,(anonymous_1)
FN:29,buildFragment
FN:99,buildRenderNodes
FNF:3
FNH:3
FNDA:1,(anonymous_1)
FNDA:2,buildFragment
FNDA:9,buildRenderNodes
DA:2,1
DA:30,2
DA:31,2
DA:32,2
DA:33,2
DA:34,2
DA:35,2
DA:36,2
DA:37,2
DA:38,2
DA:39,2
DA:40,2
DA:41,2
DA:42,2
DA:43,2
DA:44,2
DA:45,2
DA:46,2
DA:47,2
DA:48,2
DA:49,2
DA:50,2
DA:51,2
DA:52,2
DA:53,2
DA:54,2
DA:55,2
DA:56,2
DA:57,2
DA:58,2
DA:59,2
DA:60,2
DA:61,2
DA:62,2
DA:63,2
DA:64,2
DA:65,2
DA:66,2
DA:67,2
DA:68,2
DA:69,2
DA:70,2
DA:71,2
DA:72,2
DA:73,2
DA:74,2
DA:75,2
DA:76,2
DA:77,2
DA:78,2
DA:79,2
DA:80,2
DA:81,2
DA:82,2
DA:83,2
DA:84,2
DA:85,2
DA:86,2
DA:87,2
DA:88,2
DA:89,2
DA:90,2
DA:91,2
DA:92,2
DA:93,2
DA:94,2
DA:95,2
DA:96,2
DA:97,2
DA:100,9
DA:101,9
DA:102,9
LF:72
LH:72
BRF:0
BRH:0
end_of_record
TN:
SF:app/authenticators/oauth2.js
FNF:0
FNH:0
LF:0
LH:0
BRF:0
BRH:0
end_of_record
TN:
SF:app/models/user.js
FNF:0
FNH:0
LF:0
LH:0
BRF:0
BRH:0
end_of_record
TN:
SF:app/routes/users/user/index.js
FNF:0
FNH:0
LF:0
LH:0
BRF:0
BRH:0
end_of_record
TN:
SF:app/routes/users/user.js
FN:4,(anonymous_1)
FN:7,(anonymous_2)
FN:13,(anonymous_3)
FNF:3
FNH:0
FNDA:0,(anonymous_1)
FNDA:0,(anonymous_2)
FNDA:0,(anonymous_3)
DA:5,0
DA:8,0
DA:14,0
DA:15,0
DA:16,0
DA:17,0
LF:6
LH:0
BRF:0
BRH:0
end_of_record
TN:
SF:app/routes/users.js
FN:5,(anonymous_1)
FNF:1
FNH:0
FNDA:0,(anonymous_1)
DA:6,0
LF:1
LH:0
BRF:0
BRH:0
end_of_record
TN:
SF:app/adapters/application.js
FN:8,(anonymous_1)
FNF:1
FNH:0
FNDA:0,(anonymous_1)
DA:9,0
DA:10,0
DA:11,0
LF:3
LH:0
BRF:0
BRH:0
end_of_record
TN:
SF:app/authorizers/application.js
FNF:0
FNH:0
LF:0
LH:0
BRF:0
BRH:0
end_of_record
TN:
SF:app/serializers/application.js
FN:5,(anonymous_1)
FN:9,(anonymous_2)
FN:22,(anonymous_3)
FN:32,(anonymous_4)
FNF:4
FNH:1
FNDA:2,(anonymous_1)
FNDA:0,(anonymous_2)
FNDA:0,(anonymous_3)
FNDA:0,(anonymous_4)
DA:6,2
DA:9,2
DA:10,0
DA:11,0
DA:12,0
DA:13,0
DA:15,0
DA:16,0
DA:18,0
DA:23,0
DA:24,0
DA:26,0
DA:27,0
DA:29,0
DA:33,0
DA:35,0
DA:36,0
DA:37,0
DA:38,0
DA:39,0
DA:41,0
DA:42,0
DA:43,0
DA:44,0
DA:45,0
DA:46,0
DA:49,0
DA:51,0
LF:28
LH:2
BRDA:7,1,0,2
BRDA:7,1,1,0
BRDA:8,2,0,2
BRDA:8,2,1,2
BRDA:12,3,0,0
BRDA:12,3,1,0
BRDA:15,4,0,0
BRDA:15,4,1,0
BRDA:15,5,0,0
BRDA:15,5,1,0
BRDA:24,6,0,0
BRDA:24,6,1,0
BRDA:26,7,0,0
BRDA:26,7,1,0
BRDA:43,8,0,0
BRDA:43,8,1,0
BRDA:45,9,0,0
BRDA:45,9,1,0
BRF:18
BRH:3
end_of_record
TN:
SF:app/models/todo.js
FNF:0
FNH:0
LF:0
LH:0
BRF:0
BRH:0
end_of_record
TN:
SF:app/models/task.js
FNF:0
FNH:0
LF:0
LH:0
BRF:0
BRH:0
end_of_record
TN:
SF:app/templates/signup.hbs
FN:1,(anonymous_1)
FN:2,(anonymous_2)
FN:3,(anonymous_3)
FN:4,(anonymous_4)
FN:26,buildFragment
FN:36,buildRenderNodes
FN:69,buildFragment
FN:75,buildRenderNodes
FN:89,(anonymous_9)
FN:111,buildFragment
FN:121,buildRenderNodes
FN:133,(anonymous_12)
FN:155,buildFragment
FN:192,buildRenderNodes
FN:235,buildFragment
FN:251,buildRenderNodes
FN:289,buildFragment
FN:310,buildRenderNodes
FNF:18
FNH:16
FNDA:1,(anonymous_1)
FNDA:1,(anonymous_2)
FNDA:1,(anonymous_3)
FNDA:1,(anonymous_4)
FNDA:1,buildFragment
FNDA:1,buildRenderNodes
FNDA:1,buildFragment
FNDA:1,buildRenderNodes
FNDA:1,(anonymous_9)
FNDA:0,buildFragment
FNDA:0,buildRenderNodes
FNDA:1,(anonymous_12)
FNDA:2,buildFragment
FNDA:2,buildRenderNodes
FNDA:2,buildFragment
FNDA:2,buildRenderNodes
FNDA:2,buildFragment
FNDA:2,buildRenderNodes
DA:2,1
DA:3,1
DA:4,1
DA:5,1
DA:27,1
DA:28,1
DA:29,1
DA:30,1
DA:31,1
DA:32,1
DA:33,1
DA:34,1
DA:37,1
DA:38,1
DA:39,1
DA:48,1
DA:70,1
DA:71,1
DA:72,1
DA:73,1
DA:76,1
DA:77,1
DA:78,1
DA:79,1
DA:80,1
DA:89,1
DA:90,1
DA:112,0
DA:113,0
DA:114,0
DA:115,0
DA:116,0
DA:117,0
DA:118,0
DA:119,0
DA:122,0
DA:123,0
DA:124,0
DA:133,1
DA:134,1
DA:156,2
DA:157,2
DA:158,2
DA:159,2
DA:160,2
DA:161,2
DA:162,2
DA:163,2
DA:164,2
DA:165,2
DA:166,2
DA:167,2
DA:168,2
DA:169,2
DA:170,2
DA:171,2
DA:172,2
DA:173,2
DA:174,2
DA:175,2
DA:176,2
DA:177,2
DA:178,2
DA:179,2
DA:180,2
DA:181,2
DA:182,2
DA:183,2
DA:184,2
DA:185,2
DA:186,2
DA:187,2
DA:188,2
DA:189,2
DA:190,2
DA:193,2
DA:194,2
DA:195,2
DA:196,2
DA:197,2
DA:198,2
DA:199,2
DA:200,2
DA:214,1
DA:236,2
DA:237,2
DA:238,2
DA:239,2
DA:240,2
DA:241,2
DA:242,2
DA:243,2
DA:244,2
DA:245,2
DA:246,2
DA:247,2
DA:248,2
DA:249,2
DA:252,2
DA:253,2
DA:254,2
DA:255,2
DA:256,2
DA:266,1
DA:290,2
DA:291,2
DA:292,2
DA:293,2
DA:294,2
DA:295,2
DA:296,2
DA:297,2
DA:298,2
DA:299,2
DA:300,2
DA:301,2
DA:302,2
DA:303,2
DA:304,2
DA:305,2
DA:306,2
DA:307,2
DA:308,2
DA:311,2
DA:312,2
DA:313,2
LF:126
LH:115
BRF:0
BRH:0
end_of_record
TN:
SF:app/components/pag-table.js
FN:8,(anonymous_1)
FN:12,(anonymous_2)
FN:16,(anonymous_3)
FNF:3
FNH:0
FNDA:0,(anonymous_1)
FNDA:0,(anonymous_2)
FNDA:0,(anonymous_3)
DA:9,0
DA:10,0
DA:13,0
DA:14,0
DA:17,0
LF:5
LH:0
BRF:0
BRH:0
end_of_record
TN:
SF:app/templates/components/pag-table.hbs
FN:1,(anonymous_1)
FN:2,(anonymous_2)
FN:3,(anonymous_3)
FN:25,buildFragment
FN:71,buildRenderNodes
FN:114,buildFragment
FN:120,buildRenderNodes
FN:134,(anonymous_8)
FN:135,(anonymous_9)
FN:157,buildFragment
FN:167,buildRenderNodes
FN:179,(anonymous_12)
FN:180,(anonymous_13)
FN:202,buildFragment
FN:208,buildRenderNodes
FN:216,(anonymous_16)
FN:217,(anonymous_17)
FN:239,buildFragment
FN:245,buildRenderNodes
FN:259,(anonymous_20)
FN:281,buildFragment
FN:287,buildRenderNodes
FN:316,buildFragment
FN:352,buildRenderNodes
FN:392,buildFragment
FN:414,buildRenderNodes
FN:453,buildFragment
FN:459,buildRenderNodes
FN:500,buildFragment
FN:508,buildRenderNodes
FNF:30
FNH:18
FNDA:1,(anonymous_1)
FNDA:1,(anonymous_2)
FNDA:1,(anonymous_3)
FNDA:0,buildFragment
FNDA:0,buildRenderNodes
FNDA:0,buildFragment
FNDA:0,buildRenderNodes
FNDA:1,(anonymous_8)
FNDA:1,(anonymous_9)
FNDA:0,buildFragment
FNDA:0,buildRenderNodes
FNDA:1,(anonymous_12)
FNDA:1,(anonymous_13)
FNDA:2,buildFragment
FNDA:2,buildRenderNodes
FNDA:1,(anonymous_16)
FNDA:1,(anonymous_17)
FNDA:0,buildFragment
FNDA:0,buildRenderNodes
FNDA:1,(anonymous_20)
FNDA:0,buildFragment
FNDA:0,buildRenderNodes
FNDA:0,buildFragment
FNDA:0,buildRenderNodes
FNDA:2,buildFragment
FNDA:2,buildRenderNodes
FNDA:2,buildFragment
FNDA:2,buildRenderNodes
FNDA:2,buildFragment
FNDA:2,buildRenderNodes
DA:2,1
DA:3,1
DA:4,1
DA:26,0
DA:27,0
DA:28,0
DA:29,0
DA:30,0
DA:31,0
DA:32,0
DA:33,0
DA:34,0
DA:35,0
DA:36,0
DA:37,0
DA:38,0
DA:39,0
DA:40,0
DA:41,0
DA:42,0
DA:43,0
DA:44,0
DA:45,0
DA:46,0
DA:47,0
DA:48,0
DA:49,0
DA:50,0
DA:51,0
DA:52,0
DA:53,0
DA:54,0
DA:55,0
DA:56,0
DA:57,0
DA:58,0
DA:59,0
DA:60,0
DA:61,0
DA:62,0
DA:63,0
DA:64,0
DA:65,0
DA:66,0
DA:67,0
DA:68,0
DA:69,0
DA:72,0
DA:73,0
DA:74,0
DA:75,0
DA:76,0
DA:77,0
DA:78,0
DA:88,1
DA:115,0
DA:116,0
DA:117,0
DA:118,0
DA:121,0
DA:122,0
DA:123,0
DA:124,0
DA:125,0
DA:134,1
DA:135,1
DA:136,1
DA:158,0
DA:159,0
DA:160,0
DA:161,0
DA:162,0
DA:163,0
DA:164,0
DA:165,0
DA:168,0
DA:169,0
DA:170,0
DA:179,1
DA:180,1
DA:181,1
DA:203,2
DA:204,2
DA:205,2
DA:206,2
DA:208,2
DA:216,1
DA:217,1
DA:218,1
DA:240,0
DA:241,0
DA:242,0
DA:243,0
DA:246,0
DA:247,0
DA:248,0
DA:249,0
DA:250,0
DA:259,1
DA:260,1
DA:282,0
DA:283,0
DA:284,0
DA:285,0
DA:287,0
DA:295,1
DA:317,0
DA:318,0
DA:319,0
DA:320,0
DA:321,0
DA:322,0
DA:323,0
DA:324,0
DA:325,0
DA:326,0
DA:327,0
DA:328,0
DA:329,0
DA:330,0
DA:331,0
DA:332,0
DA:333,0
DA:334,0
DA:335,0
DA:336,0
DA:337,0
DA:338,0
DA:339,0
DA:340,0
DA:341,0
DA:342,0
DA:343,0
DA:344,0
DA:345,0
DA:346,0
DA:347,0
DA:348,0
DA:349,0
DA:350,0
DA:353,0
DA:354,0
DA:355,0
DA:356,0
DA:357,0
DA:358,0
DA:359,0
DA:360,0
DA:371,1
DA:393,2
DA:394,2
DA:395,2
DA:396,2
DA:397,2
DA:398,2
DA:399,2
DA:400,2
DA:401,2
DA:402,2
DA:403,2
DA:404,2
DA:405,2
DA:406,2
DA:407,2
DA:408,2
DA:409,2
DA:410,2
DA:411,2
DA:412,2
DA:415,2
DA:416,2
DA:417,2
DA:418,2
DA:419,2
DA:420,2
DA:432,1
DA:454,2
DA:455,2
DA:456,2
DA:457,2
DA:460,2
DA:461,2
DA:462,2
DA:463,2
DA:464,2
DA:473,1
DA:501,2
DA:502,2
DA:503,2
DA:504,2
DA:505,2
DA:506,2
DA:509,2
DA:510,2
DA:511,2
DA:512,2
DA:513,2
DA:514,2
LF:198
LH:71
BRF:0
BRH:0
end_of_record
TN:
SF:app/components/simple-chat.js
FN:8,(anonymous_1)
FN:19,(anonymous_2)
FNF:2
FNH:1
FNDA:2,(anonymous_1)
FNDA:0,(anonymous_2)
DA:9,2
DA:11,2
DA:13,0
DA:16,2
DA:20,0
LF:5
LH:3
BRF:0
BRH:0
end_of_record
TN:
SF:app/templates/components/simple-chat.hbs
FN:1,(anonymous_1)
FN:2,(anonymous_2)
FN:3,(anonymous_3)
FN:25,buildFragment
FN:56,buildRenderNodes
FN:98,buildFragment
FN:123,buildRenderNodes
FN:165,buildFragment
FN:171,buildRenderNodes
FNF:9
FNH:7
FNDA:1,(anonymous_1)
FNDA:1,(anonymous_2)
FNDA:1,(anonymous_3)
FNDA:0,buildFragment
FNDA:0,buildRenderNodes
FNDA:2,buildFragment
FNDA:2,buildRenderNodes
FNDA:2,buildFragment
FNDA:2,buildRenderNodes
DA:2,1
DA:3,1
DA:4,1
DA:26,0
DA:27,0
DA:28,0
DA:29,0
DA:30,0
DA:31,0
DA:32,0
DA:33,0
DA:34,0
DA:35,0
DA:36,0
DA:37,0
DA:38,0
DA:39,0
DA:40,0
DA:41,0
DA:42,0
DA:43,0
DA:44,0
DA:45,0
DA:46,0
DA:47,0
DA:48,0
DA:49,0
DA:50,0
DA:51,0
DA:52,0
DA:53,0
DA:54,0
DA:57,0
DA:58,0
DA:59,0
DA:60,0
DA:61,0
DA:71,1
DA:99,2
DA:100,2
DA:101,2
DA:102,2
DA:103,2
DA:104,2
DA:105,2
DA:106,2
DA:107,2
DA:108,2
DA:109,2
DA:110,2
DA:111,2
DA:112,2
DA:113,2
DA:114,2
DA:115,2
DA:116,2
DA:117,2
DA:118,2
DA:119,2
DA:120,2
DA:121,2
DA:124,2
DA:125,2
DA:126,2
DA:127,2
DA:128,2
DA:139,1
DA:166,2
DA:167,2
DA:168,2
DA:169,2
DA:172,2
DA:173,2
DA:174,2
DA:175,2
DA:176,2
LF:76
LH:42
BRF:0
BRH:0
end_of_record
TN:
SF:app/controllers/users/user/dashboard.js
FN:9,(anonymous_1)
FN:14,(anonymous_2)
FN:20,(anonymous_3)
FN:22,(anonymous_4)
FNF:4
FNH:0
FNDA:0,(anonymous_1)
FNDA:0,(anonymous_2)
FNDA:0,(anonymous_3)
FNDA:0,(anonymous_4)
DA:10,0
DA:12,0
DA:15,0
DA:17,0
LF:4
LH:0
BRDA:10,1,0,0
BRDA:10,1,1,0
BRDA:15,2,0,0
BRDA:15,2,1,0
BRF:4
BRH:0
end_of_record
TN:
SF:app/controllers/users/user/todos.js
FNF:0
FNH:0
LF:0
LH:0
BRF:0
BRH:0
end_of_record
TN:
SF:app/controllers/users/user/todos/index.js
FN:8,(anonymous_1)
FN:14,(anonymous_2)
FNF:2
FNH:0
FNDA:0,(anonymous_1)
FNDA:0,(anonymous_2)
DA:9,0
DA:11,0
DA:15,0
DA:16,0
LF:4
LH:0
BRDA:9,1,0,0
BRDA:9,1,1,0
BRF:2
BRH:0
end_of_record
TN:
SF:app/controllers/users/user/todos/new.js
FN:11,(anonymous_1)
FNF:1
FNH:0
FNDA:0,(anonymous_1)
DA:12,0
DA:13,0
DA:14,0
DA:15,0
DA:16,0
DA:17,0
DA:18,0
DA:20,0
DA:21,0
LF:9
LH:0
BRF:0
BRH:0
end_of_record
TN:
SF:app/controllers/users/user/todos/todo.js
FNF:0
FNH:0
LF:0
LH:0
BRF:0
BRH:0
end_of_record
TN:
SF:app/controllers/users/user/todos/todo/edit.js
FN:5,(anonymous_1)
FNF:1
FNH:0
FNDA:0,(anonymous_1)
DA:6,0
DA:7,0
DA:9,0
LF:3
LH:0
BRF:0
BRH:0
end_of_record
TN:
SF:app/routes/not-found.js
FNF:0
FNH:0
LF:0
LH:0
BRF:0
BRH:0
end_of_record
TN:
SF:app/routes/users/user/dashboard.js
FN:4,(anonymous_1)
FNF:1
FNH:0
FNDA:0,(anonymous_1)
DA:5,0
LF:1
LH:0
BRF:0
BRH:0
end_of_record
TN:
SF:app/routes/users/user/todos.js
FNF:0
FNH:0
LF:0
LH:0
BRF:0
BRH:0
end_of_record
TN:
SF:app/routes/users/user/todos/index.js
FN:4,(anonymous_1)
FNF:1
FNH:0
FNDA:0,(anonymous_1)
DA:5,0
LF:1
LH:0
BRF:0
BRH:0
end_of_record
TN:
SF:app/routes/users/user/todos/new.js
FN:4,(anonymous_1)
FNF:1
FNH:0
FNDA:0,(anonymous_1)
DA:5,0
LF:1
LH:0
BRF:0
BRH:0
end_of_record
TN:
SF:app/routes/users/user/todos/todo.js
FNF:0
FNH:0
LF:0
LH:0
BRF:0
BRH:0
end_of_record
TN:
SF:app/routes/users/user/todos/todo/edit.js
FNF:0
FNH:0
LF:0
LH:0
BRF:0
BRH:0
end_of_record
TN:
SF:app/routes/users/user/todos/todo/index.js
FNF:0
FNH:0
LF:0
LH:0
BRF:0
BRH:0
end_of_record
