TN:
SF:app/resolver.js
FNF:0
FNH:0
LF:0
LH:0
BRF:0
BRH:0
end_of_record
TN:
SF:app/app.js
FNF:0
FNH:0
DA:6,1
DA:8,1
DA:10,1
DA:16,1
LF:4
LH:4
BRF:0
BRH:0
end_of_record
TN:
SF:app/instance-initializers/global.js
FN:1,initialize
FNF:1
FNH:1
FNDA:11,initialize
DA:1,1
DA:2,11
DA:3,11
LF:3
LH:3
BRF:0
BRH:0
end_of_record
TN:
SF:app/router.js
FN:8,(anonymous_1)
FN:11,(anonymous_2)
FN:12,(anonymous_3)
FN:13,(anonymous_4)
FN:16,(anonymous_5)
FNF:5
FNH:5
FNDA:11,(anonymous_1)
FNDA:11,(anonymous_2)
FNDA:11,(anonymous_3)
FNDA:11,(anonymous_4)
FNDA:11,(anonymous_5)
DA:4,1
DA:8,1
DA:9,11
DA:10,11
DA:11,11
DA:12,11
DA:13,11
DA:14,11
DA:17,11
DA:19,11
DA:23,11
LF:11
LH:11
BRF:0
BRH:0
end_of_record
TN:
SF:app/routes/login.js
FNF:0
FNH:0
LF:0
LH:0
BRF:0
BRH:0
end_of_record
TN:
SF:app/controllers/login.js
FN:7,(anonymous_1)
FNF:1
FNH:1
FNDA:2,(anonymous_1)
DA:8,2
DA:11,2
DA:12,2
DA:14,0
DA:15,0
LF:5
LH:3
BRF:0
BRH:0
end_of_record
TN:
SF:app/templates/application.hbs
FN:1,(anonymous_1)
FN:2,(anonymous_2)
FN:29,buildFragment
FN:39,buildRenderNodes
FN:51,(anonymous_5)
FN:73,buildFragment
FN:87,buildRenderNodes
FN:122,buildFragment
FN:152,buildRenderNodes
FNF:9
FNH:9
FNDA:1,(anonymous_1)
FNDA:1,(anonymous_2)
FNDA:2,buildFragment
FNDA:22,buildRenderNodes
FNDA:1,(anonymous_5)
FNDA:2,buildFragment
FNDA:11,buildRenderNodes
FNDA:2,buildFragment
FNDA:11,buildRenderNodes
DA:2,1
DA:3,1
DA:30,2
DA:31,2
DA:32,2
DA:33,2
DA:34,2
DA:35,2
DA:36,2
DA:37,2
DA:40,22
DA:41,22
DA:42,22
DA:51,1
DA:52,1
DA:74,2
DA:75,2
DA:76,2
DA:77,2
DA:78,2
DA:79,2
DA:80,2
DA:81,2
DA:82,2
DA:83,2
DA:84,2
DA:85,2
DA:87,11
DA:95,1
DA:123,2
DA:124,2
DA:125,2
DA:126,2
DA:127,2
DA:128,2
DA:129,2
DA:130,2
DA:131,2
DA:132,2
DA:133,2
DA:134,2
DA:135,2
DA:136,2
DA:137,2
DA:138,2
DA:139,2
DA:140,2
DA:141,2
DA:142,2
DA:143,2
DA:144,2
DA:145,2
DA:146,2
DA:147,2
DA:148,2
DA:149,2
DA:150,2
DA:153,11
DA:154,11
DA:155,11
DA:156,11
DA:157,11
DA:158,11
DA:159,11
LF:64
LH:64
BRF:0
BRH:0
end_of_record
TN:
SF:app/services/session.js
FNF:0
FNH:0
LF:0
LH:0
BRF:0
BRH:0
end_of_record
TN:
SF:app/templates/login.hbs
FN:1,(anonymous_1)
FN:2,(anonymous_2)
FN:3,(anonymous_3)
FN:4,(anonymous_4)
FN:26,buildFragment
FN:36,buildRenderNodes
FN:69,buildFragment
FN:75,buildRenderNodes
FN:89,(anonymous_9)
FN:111,buildFragment
FN:117,buildRenderNodes
FN:146,buildFragment
FN:185,buildRenderNodes
FN:229,buildFragment
FN:250,buildRenderNodes
FNF:15
FNH:11
FNDA:1,(anonymous_1)
FNDA:1,(anonymous_2)
FNDA:1,(anonymous_3)
FNDA:1,(anonymous_4)
FNDA:0,buildFragment
FNDA:0,buildRenderNodes
FNDA:0,buildFragment
FNDA:0,buildRenderNodes
FNDA:1,(anonymous_9)
FNDA:2,buildFragment
FNDA:3,buildRenderNodes
FNDA:2,buildFragment
FNDA:3,buildRenderNodes
FNDA:2,buildFragment
FNDA:3,buildRenderNodes
DA:2,1
DA:3,1
DA:4,1
DA:5,1
DA:27,0
DA:28,0
DA:29,0
DA:30,0
DA:31,0
DA:32,0
DA:33,0
DA:34,0
DA:37,0
DA:38,0
DA:39,0
DA:48,1
DA:70,0
DA:71,0
DA:72,0
DA:73,0
DA:76,0
DA:77,0
DA:78,0
DA:79,0
DA:80,0
DA:89,1
DA:90,1
DA:112,2
DA:113,2
DA:114,2
DA:115,2
DA:117,3
DA:125,1
DA:147,2
DA:148,2
DA:149,2
DA:150,2
DA:151,2
DA:152,2
DA:153,2
DA:154,2
DA:155,2
DA:156,2
DA:157,2
DA:158,2
DA:159,2
DA:160,2
DA:161,2
DA:162,2
DA:163,2
DA:164,2
DA:165,2
DA:166,2
DA:167,2
DA:168,2
DA:169,2
DA:170,2
DA:171,2
DA:172,2
DA:173,2
DA:174,2
DA:175,2
DA:176,2
DA:177,2
DA:178,2
DA:179,2
DA:180,2
DA:181,2
DA:182,2
DA:183,2
DA:186,3
DA:187,3
DA:188,3
DA:189,3
DA:190,3
DA:191,3
DA:192,3
DA:193,3
DA:206,1
DA:230,2
DA:231,2
DA:232,2
DA:233,2
DA:234,2
DA:235,2
DA:236,2
DA:237,2
DA:238,2
DA:239,2
DA:240,2
DA:241,2
DA:242,2
DA:243,2
DA:244,2
DA:245,2
DA:246,2
DA:247,2
DA:248,2
DA:251,3
DA:252,3
DA:253,3
LF:101
LH:81
BRF:0
BRH:0
end_of_record
TN:
SF:app/components/session-component.js
FN:6,(anonymous_1)
FNF:1
FNH:0
FNDA:0,(anonymous_1)
DA:7,0
LF:1
LH:0
BRF:0
BRH:0
end_of_record
TN:
SF:app/templates/components/session-component.hbs
FN:1,(anonymous_1)
FN:2,(anonymous_2)
FN:3,(anonymous_3)
FN:25,buildFragment
FN:31,buildRenderNodes
FN:45,(anonymous_6)
FN:67,buildFragment
FN:73,buildRenderNodes
FN:108,buildFragment
FN:128,buildRenderNodes
FN:145,(anonymous_11)
FN:146,(anonymous_12)
FN:168,buildFragment
FN:174,buildRenderNodes
FN:182,(anonymous_15)
FN:204,buildFragment
FN:210,buildRenderNodes
FN:239,buildFragment
FN:253,buildRenderNodes
FN:293,buildFragment
FN:299,buildRenderNodes
FNF:21
FNH:21
FNDA:1,(anonymous_1)
FNDA:1,(anonymous_2)
FNDA:1,(anonymous_3)
FNDA:2,buildFragment
FNDA:12,buildRenderNodes
FNDA:1,(anonymous_6)
FNDA:2,buildFragment
FNDA:12,buildRenderNodes
FNDA:2,buildFragment
FNDA:12,buildRenderNodes
FNDA:1,(anonymous_11)
FNDA:1,(anonymous_12)
FNDA:2,buildFragment
FNDA:15,buildRenderNodes
FNDA:1,(anonymous_15)
FNDA:2,buildFragment
FNDA:15,buildRenderNodes
FNDA:2,buildFragment
FNDA:15,buildRenderNodes
FNDA:2,buildFragment
FNDA:23,buildRenderNodes
DA:2,1
DA:3,1
DA:4,1
DA:26,2
DA:27,2
DA:28,2
DA:29,2
DA:32,12
DA:33,12
DA:34,12
DA:35,12
DA:36,12
DA:45,1
DA:46,1
DA:68,2
DA:69,2
DA:70,2
DA:71,2
DA:73,12
DA:81,1
DA:109,2
DA:110,2
DA:111,2
DA:112,2
DA:113,2
DA:114,2
DA:115,2
DA:116,2
DA:117,2
DA:118,2
DA:119,2
DA:120,2
DA:121,2
DA:122,2
DA:123,2
DA:124,2
DA:125,2
DA:126,2
DA:129,12
DA:130,12
DA:131,12
DA:132,12
DA:133,12
DA:134,12
DA:145,1
DA:146,1
DA:147,1
DA:169,2
DA:170,2
DA:171,2
DA:172,2
DA:174,15
DA:182,1
DA:183,1
DA:205,2
DA:206,2
DA:207,2
DA:208,2
DA:210,15
DA:218,1
DA:240,2
DA:241,2
DA:242,2
DA:243,2
DA:244,2
DA:245,2
DA:246,2
DA:247,2
DA:248,2
DA:249,2
DA:250,2
DA:251,2
DA:254,15
DA:255,15
DA:256,15
DA:257,15
DA:267,1
DA:294,2
DA:295,2
DA:296,2
DA:297,2
DA:300,23
DA:301,23
DA:302,23
DA:303,23
DA:304,23
LF:86
LH:86
BRF:0
BRH:0
end_of_record
TN:
SF:app/routes/signup.js
FN:4,(anonymous_1)
FNF:1
FNH:1
FNDA:2,(anonymous_1)
DA:5,2
LF:1
LH:1
BRF:0
BRH:0
end_of_record
TN:
SF:app/controllers/signup.js
FN:6,(anonymous_1)
FNF:1
FNH:1
FNDA:1,(anonymous_1)
DA:7,1
DA:8,1
DA:9,1
DA:10,1
DA:12,0
DA:13,0
LF:6
LH:4
BRF:0
BRH:0
end_of_record
TN:
SF:app/routes/password-reset.js
FNF:0
FNH:0
LF:0
LH:0
BRF:0
BRH:0
end_of_record
TN:
SF:app/controllers/password_reset.js
FN:6,(anonymous_1)
FNF:1
FNH:0
FNDA:0,(anonymous_1)
DA:7,0
DA:16,0
DA:17,0
DA:19,0
DA:20,0
LF:5
LH:0
BRF:0
BRH:0
end_of_record
TN:
SF:app/authenticators/oauth2.js
FNF:0
FNH:0
LF:0
LH:0
BRF:0
BRH:0
end_of_record
TN:
SF:app/models/user.js
FNF:0
FNH:0
LF:0
LH:0
BRF:0
BRH:0
end_of_record
TN:
SF:app/routes/users/user/index.js
FNF:0
FNH:0
LF:0
LH:0
BRF:0
BRH:0
end_of_record
TN:
SF:app/routes/users/user.js
FN:5,(anonymous_1)
FNF:1
FNH:1
FNDA:4,(anonymous_1)
DA:6,4
LF:1
LH:1
BRF:0
BRH:0
end_of_record
TN:
SF:app/routes/users.js
FN:4,(anonymous_1)
FNF:1
FNH:1
FNDA:8,(anonymous_1)
DA:5,8
LF:1
LH:1
BRF:0
BRH:0
end_of_record
TN:
SF:app/adapters/application.js
FN:7,(anonymous_1)
FNF:1
FNH:0
FNDA:0,(anonymous_1)
DA:8,0
DA:9,0
DA:10,0
LF:3
LH:0
BRF:0
BRH:0
end_of_record
TN:
SF:app/authorizers/application.js
FNF:0
FNH:0
LF:0
LH:0
BRF:0
BRH:0
end_of_record
TN:
SF:app/serializers/application.js
FNF:0
FNH:0
LF:0
LH:0
BRF:0
BRH:0
end_of_record
TN:
SF:app/models/todo.js
FNF:0
FNH:0
LF:0
LH:0
BRF:0
BRH:0
end_of_record
TN:
SF:app/templates/users.hbs
FN:1,(anonymous_1)
FN:28,buildFragment
FN:36,buildRenderNodes
FNF:3
FNH:3
FNDA:1,(anonymous_1)
FNDA:2,buildFragment
FNDA:8,buildRenderNodes
DA:2,1
DA:29,2
DA:30,2
DA:31,2
DA:32,2
DA:33,2
DA:34,2
DA:37,8
DA:38,8
DA:39,8
DA:40,8
LF:11
LH:11
BRF:0
BRH:0
end_of_record
TN:
SF:app/templates/users/user.hbs
FN:1,(anonymous_1)
FN:28,buildFragment
FN:36,buildRenderNodes
FNF:3
FNH:3
FNDA:1,(anonymous_1)
FNDA:2,buildFragment
FNDA:6,buildRenderNodes
DA:2,1
DA:29,2
DA:30,2
DA:31,2
DA:32,2
DA:33,2
DA:34,2
DA:37,6
DA:38,6
DA:39,6
DA:40,6
LF:11
LH:11
BRF:0
BRH:0
end_of_record
TN:
SF:app/templates/users/user/index.hbs
FN:1,(anonymous_1)
FN:2,(anonymous_2)
FN:24,buildFragment
FN:36,buildRenderNodes
FN:74,buildFragment
FN:80,buildRenderNodes
FNF:6
FNH:6
FNDA:1,(anonymous_1)
FNDA:1,(anonymous_2)
FNDA:2,buildFragment
FNDA:2,buildRenderNodes
FNDA:2,buildFragment
FNDA:2,buildRenderNodes
DA:2,1
DA:3,1
DA:25,2
DA:26,2
DA:27,2
DA:28,2
DA:29,2
DA:30,2
DA:31,2
DA:32,2
DA:33,2
DA:34,2
DA:37,2
DA:38,2
DA:39,2
DA:48,1
DA:75,2
DA:76,2
DA:77,2
DA:78,2
DA:81,2
DA:82,2
DA:83,2
DA:84,2
DA:85,2
LF:25
LH:25
BRF:0
BRH:0
end_of_record
TN:
SF:app/templates/signup.hbs
FN:1,(anonymous_1)
FN:2,(anonymous_2)
FN:3,(anonymous_3)
FN:4,(anonymous_4)
FN:26,buildFragment
FN:36,buildRenderNodes
FN:69,buildFragment
FN:75,buildRenderNodes
FN:110,buildFragment
FN:153,buildRenderNodes
FN:198,buildFragment
FN:219,buildRenderNodes
FNF:12
FNH:12
FNDA:1,(anonymous_1)
FNDA:1,(anonymous_2)
FNDA:1,(anonymous_3)
FNDA:1,(anonymous_4)
FNDA:1,buildFragment
FNDA:1,buildRenderNodes
FNDA:1,buildFragment
FNDA:1,buildRenderNodes
FNDA:2,buildFragment
FNDA:2,buildRenderNodes
FNDA:2,buildFragment
FNDA:2,buildRenderNodes
DA:2,1
DA:3,1
DA:4,1
DA:5,1
DA:27,1
DA:28,1
DA:29,1
DA:30,1
DA:31,1
DA:32,1
DA:33,1
DA:34,1
DA:37,1
DA:38,1
DA:39,1
DA:48,1
DA:70,1
DA:71,1
DA:72,1
DA:73,1
DA:76,1
DA:77,1
DA:78,1
DA:79,1
DA:80,1
DA:89,1
DA:111,2
DA:112,2
DA:113,2
DA:114,2
DA:115,2
DA:116,2
DA:117,2
DA:118,2
DA:119,2
DA:120,2
DA:121,2
DA:122,2
DA:123,2
DA:124,2
DA:125,2
DA:126,2
DA:127,2
DA:128,2
DA:129,2
DA:130,2
DA:131,2
DA:132,2
DA:133,2
DA:134,2
DA:135,2
DA:136,2
DA:137,2
DA:138,2
DA:139,2
DA:140,2
DA:141,2
DA:142,2
DA:143,2
DA:144,2
DA:145,2
DA:146,2
DA:147,2
DA:148,2
DA:149,2
DA:150,2
DA:151,2
DA:154,2
DA:155,2
DA:156,2
DA:157,2
DA:158,2
DA:159,2
DA:160,2
DA:161,2
DA:175,1
DA:199,2
DA:200,2
DA:201,2
DA:202,2
DA:203,2
DA:204,2
DA:205,2
DA:206,2
DA:207,2
DA:208,2
DA:209,2
DA:210,2
DA:211,2
DA:212,2
DA:213,2
DA:214,2
DA:215,2
DA:216,2
DA:217,2
DA:220,2
DA:221,2
DA:222,2
LF:98
LH:98
BRF:0
BRH:0
end_of_record
TN:
SF:app/routes/users/user/todos.js
FNF:0
FNH:0
LF:0
LH:0
BRF:0
BRH:0
end_of_record
TN:
SF:app/controllers/users/user/todos/index.js
FN:5,(anonymous_1)
FNF:1
FNH:1
FNDA:1,(anonymous_1)
DA:6,1
LF:1
LH:1
BRF:0
BRH:0
end_of_record
TN:
SF:app/templates/users/user/todos.hbs
FN:1,(anonymous_1)
FN:28,buildFragment
FN:36,buildRenderNodes
FNF:3
FNH:3
FNDA:1,(anonymous_1)
FNDA:2,buildFragment
FNDA:4,buildRenderNodes
DA:2,1
DA:29,2
DA:30,2
DA:31,2
DA:32,2
DA:33,2
DA:34,2
DA:37,4
DA:38,4
DA:39,4
DA:40,4
LF:11
LH:11
BRF:0
BRH:0
end_of_record
TN:
SF:app/templates/users/user/todos/index.hbs
FN:1,(anonymous_1)
FN:2,(anonymous_2)
FN:3,(anonymous_3)
FN:25,buildFragment
FN:31,buildRenderNodes
FN:39,(anonymous_6)
FN:40,(anonymous_7)
FN:62,buildFragment
FN:68,buildRenderNodes
FN:97,buildFragment
FN:135,buildRenderNodes
FN:181,buildFragment
FN:199,buildRenderNodes
FN:240,buildFragment
FN:246,buildRenderNodes
FNF:15
FNH:15
FNDA:1,(anonymous_1)
FNDA:1,(anonymous_2)
FNDA:1,(anonymous_3)
FNDA:2,buildFragment
FNDA:3,buildRenderNodes
FNDA:1,(anonymous_6)
FNDA:1,(anonymous_7)
FNDA:2,buildFragment
FNDA:13,buildRenderNodes
FNDA:2,buildFragment
FNDA:13,buildRenderNodes
FNDA:2,buildFragment
FNDA:3,buildRenderNodes
FNDA:2,buildFragment
FNDA:3,buildRenderNodes
DA:2,1
DA:3,1
DA:4,1
DA:26,2
DA:27,2
DA:28,2
DA:29,2
DA:31,3
DA:39,1
DA:40,1
DA:41,1
DA:63,2
DA:64,2
DA:65,2
DA:66,2
DA:68,13
DA:76,1
DA:98,2
DA:99,2
DA:100,2
DA:101,2
DA:102,2
DA:103,2
DA:104,2
DA:105,2
DA:106,2
DA:107,2
DA:108,2
DA:109,2
DA:110,2
DA:111,2
DA:112,2
DA:113,2
DA:114,2
DA:115,2
DA:116,2
DA:117,2
DA:118,2
DA:119,2
DA:120,2
DA:121,2
DA:122,2
DA:123,2
DA:124,2
DA:125,2
DA:126,2
DA:127,2
DA:128,2
DA:129,2
DA:130,2
DA:131,2
DA:132,2
DA:133,2
DA:136,13
DA:137,13
DA:138,13
DA:139,13
DA:140,13
DA:141,13
DA:142,13
DA:143,13
DA:154,1
DA:182,2
DA:183,2
DA:184,2
DA:185,2
DA:186,2
DA:187,2
DA:188,2
DA:189,2
DA:190,2
DA:191,2
DA:192,2
DA:193,2
DA:194,2
DA:195,2
DA:196,2
DA:197,2
DA:200,3
DA:201,3
DA:202,3
DA:203,3
DA:204,3
DA:214,1
DA:241,2
DA:242,2
DA:243,2
DA:244,2
DA:247,3
DA:248,3
DA:249,3
DA:250,3
DA:251,3
LF:93
LH:93
BRF:0
BRH:0
end_of_record
TN:
SF:app/routes/users/user/todos/new.js
FN:4,(anonymous_1)
FNF:1
FNH:1
FNDA:1,(anonymous_1)
DA:5,1
LF:1
LH:1
BRF:0
BRH:0
end_of_record
TN:
SF:app/controllers/users/user/todos/new.js
FN:11,(anonymous_1)
FNF:1
FNH:1
FNDA:1,(anonymous_1)
DA:12,1
DA:13,1
DA:14,1
DA:15,1
DA:16,1
DA:17,1
DA:18,1
DA:20,0
DA:21,0
LF:9
LH:7
BRF:0
BRH:0
end_of_record
TN:
SF:app/routes/users/user/todos/todo/edit.js
FNF:0
FNH:0
LF:0
LH:0
BRF:0
BRH:0
end_of_record
TN:
SF:app/routes/users/user/todos/todo.js
FN:4,(anonymous_1)
FNF:1
FNH:1
FNDA:1,(anonymous_1)
DA:5,1
LF:1
LH:1
BRF:0
BRH:0
end_of_record
TN:
SF:app/controllers/users/user/todos/todo/edit.js
FN:5,(anonymous_1)
FNF:1
FNH:1
FNDA:1,(anonymous_1)
DA:6,1
DA:7,1
DA:9,0
LF:3
LH:2
BRF:0
BRH:0
end_of_record
TN:
SF:app/templates/users/user/todos/new.hbs
FN:1,(anonymous_1)
FN:2,(anonymous_2)
FN:3,(anonymous_3)
FN:4,(anonymous_4)
FN:26,buildFragment
FN:36,buildRenderNodes
FN:69,buildFragment
FN:75,buildRenderNodes
FN:110,buildFragment
FN:141,buildRenderNodes
FN:180,buildFragment
FN:201,buildRenderNodes
FNF:12
FNH:8
FNDA:1,(anonymous_1)
FNDA:1,(anonymous_2)
FNDA:1,(anonymous_3)
FNDA:1,(anonymous_4)
FNDA:0,buildFragment
FNDA:0,buildRenderNodes
FNDA:0,buildFragment
FNDA:0,buildRenderNodes
FNDA:1,buildFragment
FNDA:1,buildRenderNodes
FNDA:1,buildFragment
FNDA:1,buildRenderNodes
DA:2,1
DA:3,1
DA:4,1
DA:5,1
DA:27,0
DA:28,0
DA:29,0
DA:30,0
DA:31,0
DA:32,0
DA:33,0
DA:34,0
DA:37,0
DA:38,0
DA:39,0
DA:48,1
DA:70,0
DA:71,0
DA:72,0
DA:73,0
DA:76,0
DA:77,0
DA:78,0
DA:79,0
DA:80,0
DA:89,1
DA:111,1
DA:112,1
DA:113,1
DA:114,1
DA:115,1
DA:116,1
DA:117,1
DA:118,1
DA:119,1
DA:120,1
DA:121,1
DA:122,1
DA:123,1
DA:124,1
DA:125,1
DA:126,1
DA:127,1
DA:128,1
DA:129,1
DA:130,1
DA:131,1
DA:132,1
DA:133,1
DA:134,1
DA:135,1
DA:136,1
DA:137,1
DA:138,1
DA:139,1
DA:142,1
DA:143,1
DA:144,1
DA:145,1
DA:146,1
DA:157,1
DA:181,1
DA:182,1
DA:183,1
DA:184,1
DA:185,1
DA:186,1
DA:187,1
DA:188,1
DA:189,1
DA:190,1
DA:191,1
DA:192,1
DA:193,1
DA:194,1
DA:195,1
DA:196,1
DA:197,1
DA:198,1
DA:199,1
DA:202,1
DA:203,1
DA:204,1
LF:83
LH:63
BRF:0
BRH:0
end_of_record
TN:
SF:app/routes/users/user/todos/todo/index.js
FNF:0
FNH:0
LF:0
LH:0
BRF:0
BRH:0
end_of_record
TN:
SF:app/templates/users/user/todos/todo.hbs
FN:1,(anonymous_1)
FN:28,buildFragment
FN:36,buildRenderNodes
FNF:3
FNH:3
FNDA:1,(anonymous_1)
FNDA:2,buildFragment
FNDA:2,buildRenderNodes
DA:2,1
DA:29,2
DA:30,2
DA:31,2
DA:32,2
DA:33,2
DA:34,2
DA:37,2
DA:38,2
DA:39,2
DA:40,2
LF:11
LH:11
BRF:0
BRH:0
end_of_record
TN:
SF:app/templates/users/user/todos/todo/index.hbs
FN:1,(anonymous_1)
FN:23,buildFragment
FN:33,buildRenderNodes
FNF:3
FNH:3
FNDA:1,(anonymous_1)
FNDA:1,buildFragment
FNDA:1,buildRenderNodes
DA:2,1
DA:24,1
DA:25,1
DA:26,1
DA:27,1
DA:28,1
DA:29,1
DA:30,1
DA:31,1
DA:34,1
DA:35,1
DA:36,1
LF:12
LH:12
BRF:0
BRH:0
end_of_record
TN:
SF:app/templates/users/user/todos/todo/edit.hbs
FN:1,(anonymous_1)
FN:2,(anonymous_2)
FN:24,buildFragment
FN:44,buildRenderNodes
FN:81,buildFragment
FN:102,buildRenderNodes
FNF:6
FNH:6
FNDA:1,(anonymous_1)
FNDA:1,(anonymous_2)
FNDA:1,buildFragment
FNDA:1,buildRenderNodes
FNDA:1,buildFragment
FNDA:1,buildRenderNodes
DA:2,1
DA:3,1
DA:25,1
DA:26,1
DA:27,1
DA:28,1
DA:29,1
DA:30,1
DA:31,1
DA:32,1
DA:33,1
DA:34,1
DA:35,1
DA:36,1
DA:37,1
DA:38,1
DA:39,1
DA:40,1
DA:41,1
DA:42,1
DA:45,1
DA:46,1
DA:47,1
DA:48,1
DA:58,1
DA:82,1
DA:83,1
DA:84,1
DA:85,1
DA:86,1
DA:87,1
DA:88,1
DA:89,1
DA:90,1
DA:91,1
DA:92,1
DA:93,1
DA:94,1
DA:95,1
DA:96,1
DA:97,1
DA:98,1
DA:99,1
DA:100,1
DA:103,1
DA:104,1
DA:105,1
LF:47
LH:47
BRF:0
BRH:0
end_of_record
TN:
SF:app/templates/users/index.hbs
FN:1,(anonymous_1)
FN:2,(anonymous_2)
FN:3,(anonymous_3)
FN:25,buildFragment
FN:39,buildRenderNodes
FN:78,buildFragment
FN:92,buildRenderNodes
FN:131,buildFragment
FN:137,buildRenderNodes
FNF:9
FNH:9
FNDA:1,(anonymous_1)
FNDA:1,(anonymous_2)
FNDA:1,(anonymous_3)
FNDA:2,buildFragment
FNDA:3,buildRenderNodes
FNDA:2,buildFragment
FNDA:2,buildRenderNodes
FNDA:2,buildFragment
FNDA:2,buildRenderNodes
DA:2,1
DA:3,1
DA:4,1
DA:26,2
DA:27,2
DA:28,2
DA:29,2
DA:30,2
DA:31,2
DA:32,2
DA:33,2
DA:34,2
DA:35,2
DA:36,2
DA:37,2
DA:40,3
DA:41,3
DA:42,3
DA:51,1
DA:79,2
DA:80,2
DA:81,2
DA:82,2
DA:83,2
DA:84,2
DA:85,2
DA:86,2
DA:87,2
DA:88,2
DA:89,2
DA:90,2
DA:93,2
DA:94,2
DA:95,2
DA:96,2
DA:105,1
DA:132,2
DA:133,2
DA:134,2
DA:135,2
DA:138,2
DA:139,2
DA:140,2
DA:141,2
DA:142,2
LF:45
LH:45
BRF:0
BRH:0
end_of_record
